Added Member To Class: ClassName=MCU Member=Component BT? Nut Nhan 4 chan 12x12
Added Member To Class: ClassName=MCU Member=Component BT? Nut Nhan 4 chan 12x12
Added Member To Class: ClassName=MCU Member=Component BT? Nut Nhan 4 chan 12x12
Added Member To Class: ClassName=MCU Member=Component C? 100nF
Added Member To Class: ClassName=MCU Member=Component C? 100nF
Added Member To Class: ClassName=MCU Member=Component C? 100nF
Added Member To Class: ClassName=MCU Member=Component C? 100nF
Added Member To Class: ClassName=MCU Member=Component C? 100nF
Added Member To Class: ClassName=Power Member=Component C? 10uF
Added Member To Class: ClassName=Power Member=Component C? 100nF
Added Member To Class: ClassName=Power Member=Component C? 22uF
Added Member To Class: ClassName=Power Member=Component C? 10uF
Added Member To Class: ClassName=Switch Member=Component D? 100v
Added Member To Class: ClassName=Switch Member=Component D? 100v
Added Member To Class: ClassName=Switch Member=Component D? 100v
Added Member To Class: ClassName=Switch Member=Component KF? CON 2 KF7.62
Added Member To Class: ClassName=Switch Member=Component KF? CON 2 KF7.62
Added Member To Class: ClassName=Power Member=Component PS? RKZ-0505S
Added Member To Class: ClassName=Switch Member=Component Q? ?
Added Member To Class: ClassName=Switch Member=Component Q? ?
Added Member To Class: ClassName=Switch Member=Component Q? ?
Added Member To Class: ClassName=MCU Member=Component R? 10k
Added Member To Class: ClassName=MCU Member=Component R? 47D-15
Added Member To Class: ClassName=MCU Member=Component R? 10k
Added Member To Class: ClassName=MCU Member=Component R? 10k
Added Member To Class: ClassName=Switch Member=Component R? 510R
Added Member To Class: ClassName=Switch Member=Component R? 510R
Added Member To Class: ClassName=Switch Member=Component R? 1k
Added Member To Class: ClassName=Switch Member=Component R? 1k
Added Member To Class: ClassName=Switch Member=Component R? 510R
Added Member To Class: ClassName=Switch Member=Component R? 510R
Added Member To Class: ClassName=Switch Member=Component R? 1k
Added Member To Class: ClassName=Switch Member=Component RL? Relay
Added Member To Class: ClassName=Switch Member=Component RL? Relay
Added Member To Class: ClassName=Switch Member=Component RL? Relay
Added Member To Class: ClassName=Switch Member=Component U? OPTO PC817 DIP4
Added Member To Class: ClassName=Switch Member=Component U? OPTO PC817 DIP4
Added Member To Class: ClassName=Switch Member=Component U? OPTO PC817 DIP4
Added Room: Name=MCU
Added Room: Name=Power
Added Room: Name=Switch
