Removed Member From Class: ClassName=MCU Member=C?
Removed Member From Class: ClassName=MCU Member=R?
Removed Member From Class: ClassName=Switch Member=U?
Change Component Designator: OldDesignator=AMS? NewDesignator=AMS1
Change Component Designator: OldDesignator=BT? NewDesignator=BT1
Change Component Designator: OldDesignator=BT? NewDesignator=BT2
Change Component Designator: OldDesignator=BT? NewDesignator=BT3
Change Component Designator: OldDesignator=BT? NewDesignator=BT4
Change Component Designator: OldDesignator=C? NewDesignator=C1
Change Component Designator: OldDesignator=C? NewDesignator=C2
Change Component Designator: OldDesignator=C? NewDesignator=C3
Change Component Designator: OldDesignator=C? NewDesignator=C4
Change Component Designator: OldDesignator=C? NewDesignator=C5
Change Component Designator: OldDesignator=C? NewDesignator=C6
Change Component Designator: OldDesignator=C? NewDesignator=C7
Change Component Designator: OldDesignator=C? NewDesignator=C8
Change Component Designator: OldDesignator=C? NewDesignator=C9
Change Component Designator: OldDesignator=C? NewDesignator=C10
Change Component Designator: OldDesignator=C? NewDesignator=C11
Change Component Designator: OldDesignator=D? NewDesignator=D1
Change Component Designator: OldDesignator=D? NewDesignator=D2
Change Component Designator: OldDesignator=D? NewDesignator=D3
Change Component Designator: OldDesignator=D? NewDesignator=D4
Change Component Designator: OldDesignator=H? NewDesignator=H1
Change Component Designator: OldDesignator=KF? NewDesignator=KF2
Change Component Designator: OldDesignator=KF? NewDesignator=KF3
Change Component Designator: OldDesignator=KF? NewDesignator=KF4
Change Component Designator: OldDesignator=PS? NewDesignator=PS1
Change Component Designator: OldDesignator=PS? NewDesignator=PS2
Change Component Designator: OldDesignator=Q? NewDesignator=Q1
Change Component Designator: OldDesignator=Q? NewDesignator=Q2
Change Component Designator: OldDesignator=Q? NewDesignator=Q3
Change Component Designator: OldDesignator=Q? NewDesignator=Q4
Change Component Designator: OldDesignator=R? NewDesignator=R1
Change Component Designator: OldDesignator=R? NewDesignator=R2
Change Component Designator: OldDesignator=R? NewDesignator=R3
Change Component Designator: OldDesignator=R? NewDesignator=R4
Change Component Designator: OldDesignator=R? NewDesignator=R5
Change Component Designator: OldDesignator=R? NewDesignator=R6
Change Component Designator: OldDesignator=R? NewDesignator=R7
Change Component Designator: OldDesignator=R? NewDesignator=R8
Change Component Designator: OldDesignator=R? NewDesignator=R9
Change Component Designator: OldDesignator=R? NewDesignator=R10
Change Component Designator: OldDesignator=R? NewDesignator=R11
Change Component Designator: OldDesignator=R? NewDesignator=R12
Change Component Designator: OldDesignator=R? NewDesignator=R13
Change Component Designator: OldDesignator=RL? NewDesignator=RL1
Change Component Designator: OldDesignator=RL? NewDesignator=RL2
Change Component Designator: OldDesignator=RL? NewDesignator=RL3
Change Component Designator: OldDesignator=RL? NewDesignator=RL4
Change Component Designator: OldDesignator=U? NewDesignator=U1
Change Component Designator: OldDesignator=U? NewDesignator=U2
Change Component Designator: OldDesignator=U? NewDesignator=U3
Change Component Designator: OldDesignator=U? NewDesignator=U4
Change Component Designator: OldDesignator=U? NewDesignator=U5
Change Net Name : Old Net Name=NetD?_1 New Net Name=NetD2_1
Change Net Name : Old Net Name=NetKF?_1 New Net Name=NetKF4_1
Change Net Name : Old Net Name=NetKF?_2 New Net Name=NetKF2_2
Change Net Name : Old Net Name=NetQ?_2 New Net Name=NetQ4_2
Change Net Name : Old Net Name=NetR?_1 New Net Name=NetR13_1
Added Pin To Net: NetName=NetD1_1 Pin=D1-1
Added Pin To Net: NetName=NetD1_1 Pin=Q1-3
Added Pin To Net: NetName=NetD1_1 Pin=RL1-4
Added Net: Name=NetD1_1
Added Pin To Net: NetName=NetD3_1 Pin=D3-1
Added Pin To Net: NetName=NetD3_1 Pin=Q3-3
Added Pin To Net: NetName=NetD3_1 Pin=RL3-4
Added Net: Name=NetD3_1
Added Pin To Net: NetName=NetD4_1 Pin=D4-1
Added Pin To Net: NetName=NetD4_1 Pin=Q4-3
Added Pin To Net: NetName=NetD4_1 Pin=RL4-4
Added Net: Name=NetD4_1
Added Pin To Net: NetName=NetF1_1 Pin=PS1-4
Added Net: Name=NetF1_1
Added Net: Name=NetF2_1
Added Pin To Net: NetName=NetF2_2 Pin=KF1-2
Added Net: Name=NetF2_2
Added Pin To Net: NetName=NetF3_2 Pin=PS1-2
Added Net: Name=NetF3_2
Added Pin To Net: NetName=NetKF2_1 Pin=KF2-1
Added Pin To Net: NetName=NetKF2_1 Pin=RL2-3
Added Net: Name=NetKF2_1
Added Pin To Net: NetName=NetKF3_1 Pin=KF3-1
Added Pin To Net: NetName=NetKF3_1 Pin=RL3-3
Added Net: Name=NetKF3_1
Added Pin To Net: NetName=NetKF3_2 Pin=KF3-2
Added Pin To Net: NetName=NetKF3_2 Pin=RL3-1
Added Pin To Net: NetName=NetKF3_2 Pin=RL3-2
Added Net: Name=NetKF3_2
Added Pin To Net: NetName=NetKF4_2 Pin=KF4-2
Added Pin To Net: NetName=NetKF4_2 Pin=RL4-1
Added Pin To Net: NetName=NetKF4_2 Pin=RL4-2
Added Net: Name=NetKF4_2
Added Pin To Net: NetName=NetQ1_2 Pin=Q1-2
Added Pin To Net: NetName=NetQ1_2 Pin=R8-2
Added Net: Name=NetQ1_2
Added Pin To Net: NetName=NetQ2_2 Pin=Q2-2
Added Pin To Net: NetName=NetQ2_2 Pin=R9-2
Added Net: Name=NetQ2_2
Added Pin To Net: NetName=NetQ3_2 Pin=Q3-2
Added Pin To Net: NetName=NetQ3_2 Pin=R12-2
Added Net: Name=NetQ3_2
Added Pin To Net: NetName=NetR6_1 Pin=R6-1
Added Pin To Net: NetName=NetR6_1 Pin=U2-1
Added Net: Name=NetR6_1
Added Pin To Net: NetName=NetR7_1 Pin=R7-1
Added Pin To Net: NetName=NetR7_1 Pin=U3-1
Added Net: Name=NetR7_1
Added Pin To Net: NetName=NetR8_1 Pin=R8-1
Added Pin To Net: NetName=NetR8_1 Pin=U2-3
Added Net: Name=NetR8_1
Added Pin To Net: NetName=NetR9_1 Pin=R9-1
Added Pin To Net: NetName=NetR9_1 Pin=U3-3
Added Net: Name=NetR9_1
Added Pin To Net: NetName=NetR10_1 Pin=R10-1
Added Pin To Net: NetName=NetR10_1 Pin=U4-1
Added Net: Name=NetR10_1
Added Pin To Net: NetName=NetR11_1 Pin=R11-1
Added Pin To Net: NetName=NetR11_1 Pin=U5-1
Added Net: Name=NetR11_1
Added Pin To Net: NetName=NetR12_1 Pin=R12-1
Added Pin To Net: NetName=NetR12_1 Pin=U4-3
Added Net: Name=NetR12_1
Added Member To Class: ClassName=MCU Member=Component BT1 Nut Nhan 4 chan 12x12
Added Member To Class: ClassName=MCU Member=Component BT3 Nut Nhan 4 chan 12x12
Added Member To Class: ClassName=MCU Member=Component BT4 Nut Nhan 4 chan 12x12
Added Member To Class: ClassName=Power Member=Component C1 22uF
Added Member To Class: ClassName=Power Member=Component C2 10uF
Added Member To Class: ClassName=Power Member=Component C3 100nF
Added Member To Class: ClassName=Power Member=Component C4 100nF
Added Member To Class: ClassName=MCU Member=Component C6 1uF
Added Member To Class: ClassName=MCU Member=Component C7 100nF
Added Member To Class: ClassName=MCU Member=Component C8 100nF
Added Member To Class: ClassName=MCU Member=Component C9 100nF
Added Member To Class: ClassName=MCU Member=Component C10 100nF
Added Member To Class: ClassName=MCU Member=Component C11 100nF
Added Member To Class: ClassName=Switch Member=Component D1 100v
Added Member To Class: ClassName=Switch Member=Component D2 100v
Added Member To Class: ClassName=Switch Member=Component D3 100v
Added Member To Class: ClassName=Switch Member=Component KF2 CON 2 KF7.62
Added Member To Class: ClassName=Switch Member=Component KF3 CON 2 KF7.62
Added Member To Class: ClassName=Power Member=Component PS1 HLK-PM01
Added Member To Class: ClassName=Switch Member=Component Q1 ?
Added Member To Class: ClassName=Switch Member=Component Q2 ?
Added Member To Class: ClassName=Switch Member=Component Q3 ?
Added Member To Class: ClassName=MCU Member=Component R1 47D-15
Added Member To Class: ClassName=MCU Member=Component R2 10k
Added Member To Class: ClassName=MCU Member=Component R3 10k
Added Member To Class: ClassName=MCU Member=Component R4 10k
Added Member To Class: ClassName=MCU Member=Component R5 10k
Added Member To Class: ClassName=Switch Member=Component R7 1k
Added Member To Class: ClassName=Switch Member=Component R8 510R
Added Member To Class: ClassName=Switch Member=Component R9 510R
Added Member To Class: ClassName=Switch Member=Component R10 1k
Added Member To Class: ClassName=Switch Member=Component R11 1k
Added Member To Class: ClassName=Switch Member=Component R12 510R
Added Member To Class: ClassName=Switch Member=Component R13 510R
Added Member To Class: ClassName=Switch Member=Component RL1 Relay
Added Member To Class: ClassName=Switch Member=Component RL2 Relay
Added Member To Class: ClassName=Switch Member=Component RL4 Relay
Added Member To Class: ClassName=Switch Member=Component U2 OPTO PC817 DIP4
Added Member To Class: ClassName=Switch Member=Component U3 OPTO PC817 DIP4
Added Member To Class: ClassName=Switch Member=Component U4 OPTO PC817 DIP4
Added Member To Class: ClassName=Switch Member=Component U5 OPTO PC817 DIP4
Added Room: Name=MCU
Added Room: Name=Power
Added Room: Name=Switch
